<?xml version="1.0" encoding="UTF-8" ?>
<testsuite tests="4" failures="0" name="com.tibco.automation.autoTestProj.CalculatorTest" time="0.001" errors="0" skipped="0">
  <properties>
[...]
</properties>
  <testcase classname="com.tibco.automation.autoTestProj.CalculatorTest" name="testDiv" time="0.001"/>
  <testcase classname="com.tibco.automation.autoTestProj.CalculatorTest" name="testSub" time="0"/>
  <testcase classname="com.tibco.automation.autoTestProj.CalculatorTest" name="testadd" time="0"/>
  <testcase classname="com.tibco.automation.autoTestProj.CalculatorTest" name="testDivisionException" time="0"/>
</testsuite>